{"C:\\Users\\user\\Education_for_life\\educationforlife\\linkedlist.js":{"path":"C:\\Users\\user\\Education_for_life\\educationforlife\\linkedlist.js","s":{"1":1,"2":1,"3":10,"4":10,"5":10,"6":2,"7":1,"8":5,"9":5,"10":5,"11":3,"12":5,"13":7,"14":7,"15":4,"16":4,"17":1,"18":1,"19":2,"20":1,"21":1,"22":1,"23":2,"24":2,"25":2,"26":2,"27":2,"28":2,"29":1,"30":1,"31":1,"32":1,"33":1,"34":1,"35":1,"36":1,"37":1,"38":1,"39":1,"40":1},"b":{"1":[3,2],"2":[4,3],"3":[1,0],"4":[1,1]},"f":{"1":10,"2":2,"3":1,"4":5,"5":7,"6":1,"7":2,"8":2,"9":1},"fnMap":{"1":{"name":"(anonymous_1)","line":6,"loc":{"start":{"line":6,"column":13},"end":{"line":6,"column":34}}},"2":{"name":"(anonymous_2)","line":14,"loc":{"start":{"line":14,"column":9},"end":{"line":14,"column":11}}},"3":{"name":"(anonymous_3)","line":18,"loc":{"start":{"line":18,"column":9},"end":{"line":18,"column":11}}},"4":{"name":"(anonymous_4)","line":22,"loc":{"start":{"line":22,"column":9},"end":{"line":22,"column":17}}},"5":{"name":"(anonymous_5)","line":36,"loc":{"start":{"line":36,"column":8},"end":{"line":36,"column":16}}},"6":{"name":"(anonymous_6)","line":92,"loc":{"start":{"line":92,"column":6},"end":{"line":92,"column":27}}},"7":{"name":"(anonymous_7)","line":116,"loc":{"start":{"line":116,"column":11},"end":{"line":116,"column":14}}},"8":{"name":"(anonymous_8)","line":133,"loc":{"start":{"line":133,"column":9},"end":{"line":133,"column":12}}},"9":{"name":"(anonymous_9)","line":152,"loc":{"start":{"line":152,"column":9},"end":{"line":152,"column":12}}}},"statementMap":{"1":{"start":{"line":1,"column":0},"end":{"line":1,"column":46}},"2":{"start":{"line":2,"column":0},"end":{"line":2,"column":44}},"3":{"start":{"line":8,"column":4},"end":{"line":8,"column":21}},"4":{"start":{"line":9,"column":4},"end":{"line":9,"column":21}},"5":{"start":{"line":11,"column":4},"end":{"line":11,"column":54}},"6":{"start":{"line":15,"column":4},"end":{"line":15,"column":21}},"7":{"start":{"line":19,"column":4},"end":{"line":19,"column":21}},"8":{"start":{"line":24,"column":4},"end":{"line":24,"column":57}},"9":{"start":{"line":25,"column":4},"end":{"line":25,"column":24}},"10":{"start":{"line":28,"column":4},"end":{"line":30,"column":5}},"11":{"start":{"line":29,"column":6},"end":{"line":29,"column":26}},"12":{"start":{"line":32,"column":4},"end":{"line":32,"column":16}},"13":{"start":{"line":37,"column":4},"end":{"line":37,"column":46}},"14":{"start":{"line":40,"column":4},"end":{"line":44,"column":5}},"15":{"start":{"line":41,"column":6},"end":{"line":41,"column":26}},"16":{"start":{"line":43,"column":6},"end":{"line":43,"column":18}},"17":{"start":{"line":93,"column":4},"end":{"line":95,"column":5}},"18":{"start":{"line":94,"column":6},"end":{"line":94,"column":18}},"19":{"start":{"line":117,"column":2},"end":{"line":127,"column":3}},"20":{"start":{"line":118,"column":4},"end":{"line":118,"column":16}},"21":{"start":{"line":126,"column":4},"end":{"line":126,"column":21}},"22":{"start":{"line":129,"column":2},"end":{"line":129,"column":21}},"23":{"start":{"line":134,"column":4},"end":{"line":134,"column":21}},"24":{"start":{"line":136,"column":4},"end":{"line":136,"column":32}},"25":{"start":{"line":137,"column":4},"end":{"line":140,"column":5}},"26":{"start":{"line":138,"column":6},"end":{"line":138,"column":30}},"27":{"start":{"line":139,"column":6},"end":{"line":139,"column":25}},"28":{"start":{"line":142,"column":4},"end":{"line":142,"column":17}},"29":{"start":{"line":153,"column":4},"end":{"line":153,"column":29}},"30":{"start":{"line":154,"column":4},"end":{"line":154,"column":24}},"31":{"start":{"line":155,"column":4},"end":{"line":155,"column":24}},"32":{"start":{"line":157,"column":4},"end":{"line":168,"column":5}},"33":{"start":{"line":159,"column":6},"end":{"line":159,"column":31}},"34":{"start":{"line":162,"column":6},"end":{"line":162,"column":31}},"35":{"start":{"line":165,"column":6},"end":{"line":165,"column":26}},"36":{"start":{"line":166,"column":6},"end":{"line":166,"column":26}},"37":{"start":{"line":171,"column":4},"end":{"line":171,"column":26}},"38":{"start":{"line":172,"column":4},"end":{"line":172,"column":25}},"39":{"start":{"line":174,"column":4},"end":{"line":174,"column":16}},"40":{"start":{"line":179,"column":0},"end":{"line":179,"column":29}}},"branchMap":{"1":{"line":28,"type":"if","locations":[{"start":{"line":28,"column":4},"end":{"line":28,"column":4}},{"start":{"line":28,"column":4},"end":{"line":28,"column":4}}]},"2":{"line":40,"type":"if","locations":[{"start":{"line":40,"column":4},"end":{"line":40,"column":4}},{"start":{"line":40,"column":4},"end":{"line":40,"column":4}}]},"3":{"line":93,"type":"if","locations":[{"start":{"line":93,"column":4},"end":{"line":93,"column":4}},{"start":{"line":93,"column":4},"end":{"line":93,"column":4}}]},"4":{"line":117,"type":"if","locations":[{"start":{"line":117,"column":2},"end":{"line":117,"column":2}},{"start":{"line":117,"column":2},"end":{"line":117,"column":2}}]}}},"C:\\Users\\user\\Education_for_life\\educationforlife\\linknode.js":{"path":"C:\\Users\\user\\Education_for_life\\educationforlife\\linknode.js","s":{"1":12,"2":12,"3":0,"4":1},"b":{"1":[0,0]},"f":{"1":12,"2":0},"fnMap":{"1":{"name":"(anonymous_1)","line":2,"loc":{"start":{"line":2,"column":15},"end":{"line":2,"column":36}}},"2":{"name":"(anonymous_2)","line":7,"loc":{"start":{"line":7,"column":12},"end":{"line":7,"column":23}}}},"statementMap":{"1":{"start":{"line":3,"column":6},"end":{"line":3,"column":25}},"2":{"start":{"line":4,"column":6},"end":{"line":4,"column":23}},"3":{"start":{"line":8,"column":6},"end":{"line":8,"column":63}},"4":{"start":{"line":12,"column":2},"end":{"line":12,"column":35}}},"branchMap":{"1":{"line":8,"type":"cond-expr","locations":[{"start":{"line":8,"column":24},"end":{"line":8,"column":44}},{"start":{"line":8,"column":47},"end":{"line":8,"column":62}}]}}},"C:\\Users\\user\\Education_for_life\\educationforlife\\comparator.js":{"path":"C:\\Users\\user\\Education_for_life\\educationforlife\\comparator.js","s":{"1":10,"2":0,"3":0,"4":0,"5":0,"6":0,"7":0,"8":0,"9":0,"10":0,"11":0,"12":0,"13":1},"b":{"1":[10,10],"2":[0,0],"3":[0,0],"4":[0,0],"5":[0,0]},"f":{"1":10,"2":0,"3":0,"4":0,"5":0,"6":0,"7":0,"8":0},"fnMap":{"1":{"name":"(anonymous_1)","line":3,"loc":{"start":{"line":3,"column":15},"end":{"line":3,"column":33}}},"2":{"name":"(anonymous_2)","line":8,"loc":{"start":{"line":8,"column":33},"end":{"line":8,"column":40}}},"3":{"name":"(anonymous_3)","line":17,"loc":{"start":{"line":17,"column":9},"end":{"line":17,"column":16}}},"4":{"name":"(anonymous_4)","line":22,"loc":{"start":{"line":22,"column":12},"end":{"line":22,"column":19}}},"5":{"name":"(anonymous_5)","line":27,"loc":{"start":{"line":27,"column":15},"end":{"line":27,"column":22}}},"6":{"name":"(anonymous_6)","line":32,"loc":{"start":{"line":32,"column":19},"end":{"line":32,"column":26}}},"7":{"name":"(anonymous_7)","line":36,"loc":{"start":{"line":36,"column":22},"end":{"line":36,"column":29}}},"8":{"name":"(anonymous_8)","line":41,"loc":{"start":{"line":41,"column":11},"end":{"line":41,"column":14}}}},"statementMap":{"1":{"start":{"line":4,"column":6},"end":{"line":4,"column":74}},"2":{"start":{"line":9,"column":6},"end":{"line":11,"column":7}},"3":{"start":{"line":10,"column":8},"end":{"line":10,"column":17}},"4":{"start":{"line":13,"column":6},"end":{"line":13,"column":28}},"5":{"start":{"line":18,"column":6},"end":{"line":18,"column":38}},"6":{"start":{"line":23,"column":6},"end":{"line":23,"column":36}},"7":{"start":{"line":28,"column":6},"end":{"line":28,"column":36}},"8":{"start":{"line":33,"column":6},"end":{"line":33,"column":53}},"9":{"start":{"line":37,"column":6},"end":{"line":37,"column":56}},"10":{"start":{"line":42,"column":6},"end":{"line":42,"column":43}},"11":{"start":{"line":43,"column":6},"end":{"line":43,"column":53}},"12":{"start":{"line":43,"column":31},"end":{"line":43,"column":52}},"13":{"start":{"line":47,"column":2},"end":{"line":47,"column":31}}},"branchMap":{"1":{"line":4,"type":"binary-expr","locations":[{"start":{"line":4,"column":21},"end":{"line":4,"column":36}},{"start":{"line":4,"column":40},"end":{"line":4,"column":73}}]},"2":{"line":9,"type":"if","locations":[{"start":{"line":9,"column":6},"end":{"line":9,"column":6}},{"start":{"line":9,"column":6},"end":{"line":9,"column":6}}]},"3":{"line":13,"type":"cond-expr","locations":[{"start":{"line":13,"column":21},"end":{"line":13,"column":23}},{"start":{"line":13,"column":26},"end":{"line":13,"column":27}}]},"4":{"line":33,"type":"binary-expr","locations":[{"start":{"line":33,"column":13},"end":{"line":33,"column":32}},{"start":{"line":33,"column":36},"end":{"line":33,"column":52}}]},"5":{"line":37,"type":"binary-expr","locations":[{"start":{"line":37,"column":13},"end":{"line":37,"column":35}},{"start":{"line":37,"column":39},"end":{"line":37,"column":55}}]}}}}