TN:
SF:C:\Users\user\Education_for_life\educationforlife\linkedlist.js
FN:6,(anonymous_1)
FN:14,(anonymous_2)
FN:18,(anonymous_3)
FN:22,(anonymous_4)
FN:36,(anonymous_5)
FN:92,(anonymous_6)
FN:116,(anonymous_7)
FN:133,(anonymous_8)
FN:152,(anonymous_9)
FNF:9
FNH:9
FNDA:10,(anonymous_1)
FNDA:2,(anonymous_2)
FNDA:1,(anonymous_3)
FNDA:5,(anonymous_4)
FNDA:7,(anonymous_5)
FNDA:1,(anonymous_6)
FNDA:2,(anonymous_7)
FNDA:2,(anonymous_8)
FNDA:1,(anonymous_9)
DA:1,1
DA:2,1
DA:8,10
DA:9,10
DA:11,10
DA:15,2
DA:19,1
DA:24,5
DA:25,5
DA:28,5
DA:29,3
DA:32,5
DA:37,7
DA:40,7
DA:41,4
DA:43,4
DA:93,1
DA:94,1
DA:117,2
DA:118,1
DA:126,1
DA:129,1
DA:134,2
DA:136,2
DA:137,2
DA:138,2
DA:139,2
DA:142,2
DA:153,1
DA:154,1
DA:155,1
DA:157,1
DA:159,1
DA:162,1
DA:165,1
DA:166,1
DA:171,1
DA:172,1
DA:174,1
DA:179,1
LF:40
LH:40
BRDA:28,1,0,3
BRDA:28,1,1,2
BRDA:40,2,0,4
BRDA:40,2,1,3
BRDA:93,3,0,1
BRDA:93,3,1,0
BRDA:117,4,0,1
BRDA:117,4,1,1
BRF:8
BRH:7
end_of_record
TN:
SF:C:\Users\user\Education_for_life\educationforlife\linknode.js
FN:2,(anonymous_1)
FN:7,(anonymous_2)
FNF:2
FNH:1
FNDA:12,(anonymous_1)
FNDA:0,(anonymous_2)
DA:3,12
DA:4,12
DA:8,0
DA:12,1
LF:4
LH:3
BRDA:8,1,0,0
BRDA:8,1,1,0
BRF:2
BRH:0
end_of_record
TN:
SF:C:\Users\user\Education_for_life\educationforlife\comparator.js
FN:3,(anonymous_1)
FN:8,(anonymous_2)
FN:17,(anonymous_3)
FN:22,(anonymous_4)
FN:27,(anonymous_5)
FN:32,(anonymous_6)
FN:36,(anonymous_7)
FN:41,(anonymous_8)
FNF:8
FNH:1
FNDA:10,(anonymous_1)
FNDA:0,(anonymous_2)
FNDA:0,(anonymous_3)
FNDA:0,(anonymous_4)
FNDA:0,(anonymous_5)
FNDA:0,(anonymous_6)
FNDA:0,(anonymous_7)
FNDA:0,(anonymous_8)
DA:4,10
DA:9,0
DA:10,0
DA:13,0
DA:18,0
DA:23,0
DA:28,0
DA:33,0
DA:37,0
DA:42,0
DA:43,0
DA:47,1
LF:12
LH:2
BRDA:4,1,0,10
BRDA:4,1,1,10
BRDA:9,2,0,0
BRDA:9,2,1,0
BRDA:13,3,0,0
BRDA:13,3,1,0
BRDA:33,4,0,0
BRDA:33,4,1,0
BRDA:37,5,0,0
BRDA:37,5,1,0
BRF:10
BRH:2
end_of_record
